<?xml version="1.0" encoding="UTF-8"?>
<!-- Generated by org.testng.reporters.JUnitReportReporter -->
<testsuite skipped="0" hostname="L505613" name="TestingNG.TestingNGDemo" tests="1" failures="0" timestamp="2021-04-22T07:59:04 GMT" time="0.008" errors="0">
  <testcase name="mapTest" time="0.008" classname="TestingNG.TestingNGDemo"/>
  <system-out/>
</testsuite> <!-- TestingNG.TestingNGDemo -->
